make all --print-data-base --no-builtin-variables --no-builtin-rules --question
# GNU Make 4.3
# Built for x86_64-pc-linux-gnu
# Copyright (C) 1988-2020 Free Software Foundation, Inc.
# License GPLv3+: GNU GPL version 3 or later <http://gnu.org/licenses/gpl.html>
# This is free software: you are free to change and redistribute it.
# There is NO WARRANTY, to the extent permitted by law.

# Make data base, printed on Fri Oct  4 23:59:54 2024

# Variables

# environment
GDK_BACKEND = x11
# environment
LC_ALL = C
# environment
SSH_AGENT_LAUNCHER = gnome-keyring
# environment
GJS_DEBUG_OUTPUT = stderr
# makefile (from 'Makefile', line 6)
SRC_DIR = src
# environment
LC_NAME = en_US.UTF-8
# environment
LC_NUMERIC = en_US.UTF-8
# environment
VSCODE_CRASH_REPORTER_PROCESS_TYPE = extensionHost
# environment
VSCODE_CWD = /home/artclave
# environment
LC_ADDRESS = en_US.UTF-8
# environment
LIBVIRT_DEFAULT_URI = qemu:///system
# default
MAKE_COMMAND := make
# environment
QT_ACCESSIBILITY = 1
# automatic
@D = $(patsubst %/,%,$(dir $@))
# makefile (from 'Makefile', line 7)
OBJ_DIR = obj
# environment
VSCODE_HANDLES_UNCAUGHT_ERRORS = true
# default
.VARIABLES := 
# environment
PWD = /home/artclave/Desktop/WebServer
# automatic
%D = $(patsubst %/,%,$(dir $%))
# environment
XDG_DATA_DIRS = /usr/share/ubuntu:/usr/share/gnome:/home/artclave/.local/share/flatpak/exports/share:/var/lib/flatpak/exports/share:/usr/local/share:/usr/share:/var/lib/snapd/desktop
# environment
OLDPWD = /home/artclave
# automatic
^D = $(patsubst %/,%,$(dir $^))
# automatic
%F = $(notdir $%)
# environment
VSCODE_CODE_CACHE_PATH = /home/artclave/.config/Code/CachedData/fee1edb8d6d72a0ddff41e5f71a671c23ed924b9
# environment
XDG_SESSION_PATH = /org/freedesktop/DisplayManager/Session0
# environment
LANG = C
# environment
 
XAUTHORITY = /home/artclave/.Xauthority
# default
.LOADED := 
# default
.INCLUDE_DIRS = /usr/local/include /usr/include /usr/include
# makefile
MAKEFLAGS = pqrR
# makefile
CURDIR := /home/artclave/Desktop/WebServer
# makefile (from 'Makefile', line 8)
INC_DIR = src
# environment
APPLICATION_INSIGHTS_NO_DIAGNOSTIC_CHANNEL = true
# makefile (from 'Makefile', line 11)
SRCS = $(SRC_DIR)/main.cpp $(SRC_DIR)/config/ConfigParser.cpp $(SRC_DIR)/config/ServerConfig.cpp $(SRC_DIR)/request_parser/HttpRequest.cpp $(SRC_DIR)/request_parser/RequestParser.cpp $(SRC_DIR)/response_builder/ResponseBuilder.cpp $(SRC_DIR)/post_request_body_handling/PostRequestBodySnatcher.cpp $(SRC_DIR)/post_request_body_handling/PostRequestBodyPart.cpp $(SRC_DIR)/response_builder/RequestResponse.cpp $(SRC_DIR)/response_builder/ResponseUtils.cpp $(SRC_DIR)/server/ServerCore.cpp $(SRC_DIR)/server/Multiplex.cpp $(SRC_DIR)/server/ServerSocket.cpp $(SRC_DIR)/server/ClientSocket.cpp $(SRC_DIR)/server/Utils.cpp $(SRC_DIR)/server/Cgi.cpp $(SRC_DIR)/server/Files.cpp 
# automatic
*D = $(patsubst %/,%,$(dir $*))
# environment
MFLAGS = -pqrR
# environment
SSH_AUTH_SOCK = /run/user/103610/keyring/ssh
# default
.SHELLFLAGS := -c
# environment
XDG_CONFIG_DIRS = /etc/xdg/xdg-ubuntu:/etc/xdg
# automatic
+D = $(patsubst %/,%,$(dir $+))
# environment
XDG_SESSION_DESKTOP = ubuntu
# makefile (from 'Makefile', line 1)
MAKEFILE_LIST := Makefile
# automatic
@F = $(notdir $@)
# environment
VSCODE_PID = 253420
# environment
KRB5CCNAME = FILE:/tmp/krb5cc_103610_Kn9uBw
# environment
XDG_SESSION_TYPE = x11
# automatic
?D = $(patsubst %/,%,$(dir $?))
# environment
SESSION_MANAGER = local/z1t2c3.42bangkok.com:@/tmp/.ICE-unix/249175,unix/z1t2c3.42bangkok.com:/tmp/.ICE-unix/249175
# automatic
*F = $(notdir $*)
# environment
CHROME_DESKTOP = code-url-handler.desktop
# environment
DBUS_SESSION_BUS_ADDRESS = unix:path=/run/user/103610/bus
# automatic
<D = $(patsubst %/,%,$(dir $<))
# environment
VSCODE_NLS_CONFIG = {"userLocale":"en-us","osLocale":"en-us","resolvedLanguage":"en","defaultMessagesFile":"/usr/share/code/resources/app/out/nls.messages.json","locale":"en","availableLanguages":{}}
# default
MAKE_HOST := x86_64-pc-linux-gnu
# makefile (from 'Makefile', line 31)
OBJS = $(SRCS:$(SRC_DIR)/%.cpp=$(OBJ_DIR)/%.o)
# environment
GNOME_DESKTOP_SESSION_ID = this-is-deprecated
# makefile
SHELL = /bin/sh
# default
MAKECMDGOALS := all
# environment
XMODIFIERS = @im=ibus
# environment
GJS_DEBUG_TOPICS = JS ERROR;JS LOG
# environment
SHLVL = 1
# environment
MAKELEVEL := 0
# default
MAKE = $(MAKE_COMMAND)
# environment
PATH = /home/artclave/bin:/usr/local/sbin:/usr/local/bin:/usr/sbin:/usr/bin:/sbin:/bin:/usr/games:/usr/local/games:/snap/bin
# default
MAKEFILES := 
# environment
LANGUAGE = en_US:
# environment
LC_MONETARY = en_US.UTF-8
# automatic
^F = $(notdir $^)
# environment
LC_TIME = en_US.UTF-8
# environment
INVOCATION_ID = 4751cfd4d38a48ab999f16a646cc30d3
# environment
DOCKER_HOST = unix:///run/user/103610/docker.sock
# environment
LC_TELEPHONE = en_US.UTF-8
# automatic
?F = $(notdir $?)
# makefile (from 'Makefile', line 34)
NAME = webserv
# environment
GTK_IM_MODULE = ibus
# environment
XDG_CURRENT_DESKTOP = Unity
# automatic
+F = $(notdir $+)
# environment
XDG_SEAT_PATH = /org/freedesktop/DisplayManager/Seat0
# environment
DESKTOP_SESSION = ubuntu
# environment
ORIGINAL_XDG_CURRENT_DESKTOP = ubuntu:GNOME
# 'override' directive
GNUMAKEFLAGS := 
# environment
LOGNAME = artclave
# environment
GIO_LAUNCHED_DESKTOP_FILE = /usr/share/applications/code.desktop
# makefile
.DEFAULT_GOAL := all
# environment
SYSTEMD_EXEC_PID = 249199
# environment
DISPLAY = :0
# environment
USER = artclave
# environment
GTK_MODULES = gail:atk-bridge
# default
MAKE_VERSION := 4.3
# environment
MANAGERPID = 248344
# environment
DEBUGINFOD_URLS = https://debuginfod.ubuntu.com 
# environment
LC_MEASUREMENT = en_US.UTF-8
# environment
GIO_LAUNCHED_DESKTOP_FILE_PID = 253420
# environment
_ = /usr/share/code/code
# environment
LC_PAPER = en_US.UTF-8
# environment
XDG_RUNTIME_DIR = /run/user/103610
# environment
GPG_AGENT_INFO = /run/user/103610/gnupg/S.gpg-agent:0:1
# environment
JOURNAL_STREAM = 8:668561509
# environment
XDG_SESSION_CLASS = user
# environment
VSCODE_AMD_ENTRYPOINT = vs/workbench/api/node/extensionHostProcess
# environment
HOME = /home/artclave
# environment
QT_IM_MODULE = ibus
# environment
ELECTRON_RUN_AS_NODE = 1
# environment
VSCODE_IPC_HOOK = /run/user/103610/vscode-e449c818-1.92-main.sock
# environment
FT_HOOK_PATHNAME = login-user.d
# environment
IM_CONFIG_PHASE = 1
# default
.RECIPEPREFIX := 
# automatic
<F = $(notdir $<)
# default
SUFFIXES := 
# environment
FT_HOOK_NAME = login-user
# makefile (from 'Makefile', line 3)
CXXFLAGS = -Wall -Wextra -Werror -std=c++98 -MMD -MP
# environment
XDG_GREETER_DATA_DIR = /var/lib/lightdm-data/artclave
# default
.FEATURES := target-specific order-only second-expansion else-if shortest-stem undefine oneshell nocomment grouped-target extra-prereqs archives jobserver output-sync check-symlink load
# makefile (from 'Makefile', line 2)
CXX = c++
# environment
XDG_MENU_PREFIX = gnome-
# environment
GDMSESSION = ubuntu
# environment
LC_IDENTIFICATION = en_US.UTF-8
# variable set hash-table stats:
# Load=117/1024=11%, Rehash=0, Collisions=5/172=3%

# Pattern-specific Variable Values

# No pattern-specific variable values.

# Directories

# src/config (device 2064, inode 29380748): 5 files, no impossibilities so far.
# src/server (device 2064, inode 12602241): 15 files, no impossibilities so far.
# src/request_parser (device 2064, inode 4194455): 5 files, no impossibilities so far.
# src (device 2064, inode 25170020): 5 files, no impossibilities so far.
# . (device 2064, inode 9029602): 20 files, no impossibilities.
# src/response_builder (device 2064, inode 8409366): 8 files, no impossibilities so far.
# src/post_request_body_handling (device 2064, inode 3574): 5 files, no impossibilities so far.

 
# 63 files, no impossibilities in 7 directories.

# Implicit Rules

obj/%.o: src/%.cpp
#  recipe to execute (from 'Makefile', line 43):
	@mkdir -p $(@D)
	$(CXX) $(CXXFLAGS) -I$(INC_DIR) -c $< -o $@

# 1 implicit rules, 0 (0.0%) terminal.
# Files

obj/response_builder/ResponseUtils.o: src/response_builder/ResponseUtils.cpp
#  Implicit rule search has been done.
#  Implicit/static pattern stem: 'response_builder/ResponseUtils'
#  Last modified 2024-10-04 19:12:40.045587511
#  File has been updated.
#  Successfully updated.
#  recipe to execute (from 'Makefile', line 43):
	@mkdir -p $(@D)
	$(CXX) $(CXXFLAGS) -I$(INC_DIR) -c $< -o $@

# Not a target:
src/response_builder/RequestResponse.cpp:
#  Implicit rule search has been done.
#  Last modified 2024-10-04 00:59:57.032912003
#  File has been updated.
#  Successfully updated.

# Not a target:
src/config/ServerConfig.cpp:
#  Implicit rule search has been done.
#  Last modified 2024-10-02 19:50:35.574892302
#  File has been updated.
#  Successfully updated.

obj/request_parser/RequestParser.o: src/request_parser/RequestParser.cpp
#  Implicit rule search has been done.
#  Implicit/static pattern stem: 'request_parser/RequestParser'
#  Last modified 2024-10-04 19:12:38.973575772
#  File has been updated.
#  Successfully updated.
#  recipe to execute (from 'Makefile', line 43):
	@mkdir -p $(@D)
	$(CXX) $(CXXFLAGS) -I$(INC_DIR) -c $< -o $@

obj/response_builder/RequestResponse.o: src/response_builder/RequestResponse.cpp
#  Implicit rule search has been done.
#  Implicit/static pattern stem: 'response_builder/RequestResponse'
#  Last modified 2024-10-04 19:12:39.825585099
#  File has been updated.
#  Successfully updated.
#  recipe to execute (from 'Makefile', line 43):
	@mkdir -p $(@D)
	$(CXX) $(CXXFLAGS) -I$(INC_DIR) -c $< -o $@

obj/server/Multiplex.o: src/server/Multiplex.cpp
#  Implicit rule search has been done.
#  Implicit/static pattern stem: 'server/Multiplex'
#  Last modified 2024-10-04 19:12:40.48559235
#  File has been updated.
#  Successfully updated.
#  recipe to execute (from 'Makefile', line 43):
	@mkdir -p $(@D)
	$(CXX) $(CXXFLAGS) -I$(INC_DIR) -c $< -o $@

obj/server/ClientSocket.o: src/server/ClientSocket.cpp
#  Implicit rule search has been done.
#  Implicit/static pattern stem: 'server/ClientSocket'
#  Last modified 2024-10-04 19:12:40.901596926
#  File has been updated.
#  Successfully updated.
#  recipe to execute (from 'Makefile', line 43):
	@mkdir -p $(@D)
	$(CXX) $(CXXFLAGS) -I$(INC_DIR) -c $< -o $@

obj/main.o: src/main.cpp
#  Implicit rule search has been done.
#  Implicit/static pattern stem: 'main'
#  Last modified 2024-10-04 19:12:38.013565309
#  File has been updated.
#  Successfully updated.
#  recipe to execute (from 'Makefile', line 43):
	@mkdir -p $(@D)
	$(CXX) $(CXXFLAGS) -I$(INC_DIR) -c $< -o $@

# Not a target:
src/server/Multiplex.cpp:
#  Implicit rule search has been done.
#  Last modified 2024-10-02 20:02:00.022886216
#  File has been updated.
#  Successfully updated.

obj/server/ServerSocket.o: src/server/ServerSocket.cpp
#  Implicit rule search has been done.
#  Implicit/static pattern stem: 'server/ServerSocket'
#  Last modified 2024-10-04 19:12:40.701594726
#  File has been updated.
#  Successfully updated.
#  recipe to execute (from 'Makefile', line 43):
	@mkdir -p $(@D)
	$(CXX) $(CXXFLAGS) -I$(INC_DIR) -c $< -o $@

# Not a target:
src/response_builder/ResponseBuilder.cpp:
#  Implicit rule search has been done.
#  Last modified 2024-10-04 00:52:54.418633211
#  File has been updated.
#  Successfully updated.

# Not a target:
Makefile:
#  Implicit rule search has been done.
#  Last modified 2024-10-04 19:12:03.489220445
#  File has been updated.
#  Successfully updated.

# Not a target:
src/server/Files.cpp:
#  Implicit rule search has been done.
#  Last modified 2024-10-04 17:57:05.69530719
#  File has been updated.
#  Successfully updated.

# Not a target:
src/server/Cgi.cpp:
#  Implicit rule search has been done.
#  Last modified 2024-10-04 19:12:54.02174575
#  File has been updated.
#  Successfully updated.

obj/server/ServerCore.o: src/server/ServerCore.cpp
#  Implicit rule search has been done.
#  Implicit/static pattern stem: 'server/ServerCore'
#  Last modified 2024-10-04 19:12:40.293590239
#  File has been updated.
#  Successfully updated.
#  recipe to execute (from 'Makefile', line 43):
	@mkdir -p $(@D)
	$(CXX) $(CXXFLAGS) -I$(INC_DIR) -c $< -o $@

# Not a target:
src/main.cpp:
#  Implicit rule search has been done.
#  Last modified 2024-10-02 20:08:06.576329204
#  File has been updated.
#  Successfully updated.

obj/server/Utils.o: src/server/Utils.cpp
#  Implicit rule search has been done.
#  Implicit/static pattern stem: 'server/Utils'
#  Last modified 2024-10-04 19:12:41.10159913
#  File has been updated.
#  Successfully updated.
#  recipe to execute (from 'Makefile', line 43):
	@mkdir -p $(@D)
	$(CXX) $(CXXFLAGS) -I$(INC_DIR) -c $< -o $@

clean:
#  Phony target (prerequisite of .PHONY).
#  Implicit rule search has not been done.
#  File does not exist.
#  File has not been updated.
#  recipe to execute (from 'Makefile', line 47):
	rm -rf $(OBJ_DIR)

# Not a target:
 
src/request_parser/HttpRequest.cpp:
#  Implicit rule search has been done.
#  Last modified 2024-10-04 08:05:08.670889893
#  File has been updated.
#  Successfully updated.

obj/post_request_body_handling/PostRequestBodyPart.o: src/post_request_body_handling/PostRequestBodyPart.cpp
#  Implicit rule search has been done.
#  Implicit/static pattern stem: 'post_request_body_handling/PostRequestBodyPart'
#  Last modified 2024-10-04 19:12:39.617582822
#  File has been updated.
#  Successfully updated.
#  recipe to execute (from 'Makefile', line 43):
	@mkdir -p $(@D)
	$(CXX) $(CXXFLAGS) -I$(INC_DIR) -c $< -o $@

webserv: obj/main.o obj/config/ConfigParser.o obj/config/ServerConfig.o obj/request_parser/HttpRequest.o obj/request_parser/RequestParser.o obj/response_builder/ResponseBuilder.o obj/post_request_body_handling/PostRequestBodySnatcher.o obj/post_request_body_handling/PostRequestBodyPart.o obj/response_builder/RequestResponse.o obj/response_builder/ResponseUtils.o obj/server/ServerCore.o obj/server/Multiplex.o obj/server/ServerSocket.o obj/server/ClientSocket.o obj/server/Utils.o obj/server/Cgi.o obj/server/Files.o
#  Implicit rule search has not been done.
#  Last modified 2024-10-04 19:12:54.733754073
#  File has been updated.
#  Successfully updated.
#  recipe to execute (from 'Makefile', line 40):
	$(CXX) $(CXXFLAGS) $^ -o $@

re: fclean all
#  Phony target (prerequisite of .PHONY).
#  Implicit rule search has not been done.
#  File does not exist.
#  File has not been updated.

# Not a target:
src/response_builder/ResponseUtils.cpp:
#  Implicit rule search has been done.
#  Last modified 2024-10-02 19:56:51.782963779
#  File has been updated.
#  Successfully updated.

# Not a target:
src/server/ServerSocket.cpp:
#  Implicit rule search has been done.
#  Last modified 2024-10-04 04:13:24.792448249
#  File has been updated.
#  Successfully updated.

# Not a target:
src/server/Utils.cpp:
#  Implicit rule search has been done.
#  Last modified 2024-10-04 04:39:21.093099306
#  File has been updated.
#  Successfully updated.

# Not a target:
.DEFAULT:
#  Implicit rule search has not been done.
#  Modification time never checked.
#  File has not been updated.

# Not a target:
src/request_parser/RequestParser.cpp:
#  Implicit rule search has been done.
#  Last modified 2024-10-02 19:53:44.063225514
#  File has been updated.
#  Successfully updated.

all: webserv
#  Phony target (prerequisite of .PHONY).
#  Command line target.
#  Implicit rule search has not been done.
#  File does not exist.
#  File has been updated.
#  Successfully updated.

fclean: clean
#  Phony target (prerequisite of .PHONY).
#  Implicit rule search has not been done.
#  File does not exist.
#  File has not been updated.
#  recipe to execute (from 'Makefile', line 50):
	rm -f $(NAME)

run: all
#  Implicit rule search has not been done.
#  Modification time never checked.
#  File has not been updated.
#  recipe to execute (from 'Makefile', line 55):
	./$(NAME) conf/default.conf

file: all
#  Implicit rule search has not been done.
#  Modification time never checked.
#  File has not been updated.
#  recipe to execute (from 'Makefile', line 58):
	./$(NAME) conf/default.conf > output.txt

obj/server/Cgi.o: src/server/Cgi.cpp
#  Implicit rule search has been done.
#  Implicit/static pattern stem: 'server/Cgi'
#  Last modified 2024-10-04 19:12:54.457750847
#  File has been updated.
#  Successfully updated.
#  recipe to execute (from 'Makefile', line 43):
	@mkdir -p $(@D)
	$(CXX) $(CXXFLAGS) -I$(INC_DIR) -c $< -o $@

obj/post_request_body_handling/PostRequestBodySnatcher.o: src/post_request_body_handling/PostRequestBodySnatcher.cpp
#  Implicit rule search has been done.
#  Implicit/static pattern stem: 'post_request_body_handling/PostRequestBodySnatcher'
#  Last modified 2024-10-04 19:12:39.42558072
#  File has been updated.
#  Successfully updated.
#  recipe to execute (from 'Makefile', line 43):
	@mkdir -p $(@D)
	$(CXX) $(CXXFLAGS) -I$(INC_DIR) -c $< -o $@

# Not a target:
src/server/ServerCore.cpp:
#  Implicit rule search has been done.
#  Last modified 2024-10-04 07:01:27.079926501
#  File has been updated.
#  Successfully updated.

obj/config/ServerConfig.o: src/config/ServerConfig.cpp
#  Implicit rule search has been done.
#  Implicit/static pattern stem: 'config/ServerConfig'
#  Last modified 2024-10-04 19:12:38.529570933
#  File has been updated.
#  Successfully updated.
#  recipe to execute (from 'Makefile', line 43):
	@mkdir -p $(@D)
	$(CXX) $(CXXFLAGS) -I$(INC_DIR) -c $< -o $@

# Not a target:
src/post_request_body_handling/PostRequestBodyPart.cpp:
#  Implicit rule search has been done.
#  Last modified 2024-10-01 22:01:01.815058218
#  File has been updated.
#  Successfully updated.

obj/config/ConfigParser.o: src/config/ConfigParser.cpp
#  Implicit rule search has been done.
#  Implicit/static pattern stem: 'config/ConfigParser'
#  Last modified 2024-10-04 19:12:38.273568143
#  File has been updated.
#  Successfully updated.
#  recipe to execute (from 'Makefile', line 43):
	@mkdir -p $(@D)
	$(CXX) $(CXXFLAGS) -I$(INC_DIR) -c $< -o $@

obj/request_parser/HttpRequest.o: src/request_parser/HttpRequest.cpp
#  Implicit rule search has been done.
#  Implicit/static pattern stem: 'request_parser/HttpRequest'
#  Last modified 2024-10-04 19:12:38.773573593
#  File has been updated.
#  Successfully updated.
#  recipe to execute (from 'Makefile', line 43):
	@mkdir -p $(@D)
	$(CXX) $(CXXFLAGS) -I$(INC_DIR) -c $< -o $@

 
obj/server/Files.o: src/server/Files.cpp
#  Implicit rule search has been done.
#  Implicit/static pattern stem: 'server/Files'
#  Last modified 2024-10-04 19:12:54.657753185
#  File has been updated.
#  Successfully updated.
#  recipe to execute (from 'Makefile', line 43):
	@mkdir -p $(@D)
	$(CXX) $(CXXFLAGS) -I$(INC_DIR) -c $< -o $@

# Not a target:
src/config/ConfigParser.cpp:
#  Implicit rule search has been done.
#  Last modified 2024-10-02 19:49:31.756615522
#  File has been updated.
#  Successfully updated.

obj/response_builder/ResponseBuilder.o: src/response_builder/ResponseBuilder.cpp
#  Implicit rule search has been done.
#  Implicit/static pattern stem: 'response_builder/ResponseBuilder'
#  Last modified 2024-10-04 19:12:39.217578442
#  File has been updated.
#  Successfully updated.
#  recipe to execute (from 'Makefile', line 43):
	@mkdir -p $(@D)
	$(CXX) $(CXXFLAGS) -I$(INC_DIR) -c $< -o $@

# Not a target:
src/server/ClientSocket.cpp:
#  Implicit rule search has been done.
#  Last modified 2024-10-04 19:12:11.457294518
#  File has been updated.
#  Successfully updated.

# Not a target:
src/post_request_body_handling/PostRequestBodySnatcher.cpp:
#  Implicit rule search has been done.
#  Last modified 2024-10-02 19:53:00.45335537
#  File has been updated.
#  Successfully updated.

.PHONY: all clean fclean re
#  Implicit rule search has not been done.
#  Modification time never checked.
#  File has not been updated.

# files hash-table stats:
# Load=45/1024=4%, Rehash=0, Collisions=0/135=0%
# VPATH Search Paths

# No 'vpath' search paths.

# No general ('VPATH' variable) search path.

# strcache buffers: 1 (0) / strings = 119 / storage = 2343 B / avg = 19 B
# current buf: size = 8162 B / used = 2343 B / count = 119 / avg = 19 B

# strcache performance: lookups = 174 / hit rate = 31%
# hash-table stats:
# Load=119/8192=1%, Rehash=0, Collisions=3/174=2%
# Finished Make data base on Fri Oct  4 23:59:54 2024

 
